<?xml version="1.0" encoding="UTF-8"?>
<testsuite xmlns:xsi="http://www.w3.org/2001/XMLSchema-instance" xsi:noNamespaceSchemaLocation="https://maven.apache.org/surefire/maven-surefire-plugin/xsd/surefire-test-report.xsd" name="com.articlelate.restapi.IntegrateTest" time="28.857" tests="15" errors="0" skipped="0" failures="0">
  <properties>
[...]
</properties>
  <testcase name="followUser" classname="com.articlelate.restapi.IntegrateTest" time="1.463"/>
  <testcase name="regUserUnsuccessful" classname="com.articlelate.restapi.IntegrateTest" time="0.823"/>
  <testcase name="checkCommentOrder" classname="com.articlelate.restapi.IntegrateTest" time="8.344"/>
  <testcase name="addTagIntoComment" classname="com.articlelate.restapi.IntegrateTest" time="1.885"/>
  <testcase name="regUserSuccess" classname="com.articlelate.restapi.IntegrateTest" time="1.104"/>
  <testcase name="addCommentWithTag" classname="com.articlelate.restapi.IntegrateTest" time="1.555"/>
  <testcase name="postCreateTest" classname="com.articlelate.restapi.IntegrateTest" time="1.078"/>
  <testcase name="verifyLoginErrorTest" classname="com.articlelate.restapi.IntegrateTest" time="0.758"/>
  <testcase name="editProfileCorrect" classname="com.articlelate.restapi.IntegrateTest" time="0.997"/>
  <testcase name="deleteCommentWithPostDeletion" classname="com.articlelate.restapi.IntegrateTest" time="2.035"/>
  <testcase name="postCreateErrorTest" classname="com.articlelate.restapi.IntegrateTest" time="0.8"/>
  <testcase name="loginUnsuccessIncorrectLogin" classname="com.articlelate.restapi.IntegrateTest" time="0.672"/>
  <testcase name="profileChangeErrorTest" classname="com.articlelate.restapi.IntegrateTest" time="0.99"/>
  <testcase name="getPostsTest" classname="com.articlelate.restapi.IntegrateTest" time="5.368"/>
  <testcase name="loginSuccess" classname="com.articlelate.restapi.IntegrateTest" time="0.949"/>
</testsuite>